<?xml version="1.0" encoding="UTF-8"?>
<!-- Generated by org.testng.reporters.JUnitXMLReporter -->
<testsuite ignored="0" hostname="LAPTOP-KD968VD7" failures="0" tests="3" name="Surefire test" time="19.242" errors="0" timestamp="2023-11-27T21:17:41 IST">
  <testcase classname="Test_Practise.TestDataDriven" name="mainTest" time="7.06"/>
  <testcase classname="Test_Practise.TestDataDriven" name="mainTest" time="5.034"/>
  <testcase classname="Test_Practise.TestExtentReport" name="initialDemo" time="6.731"/>
</testsuite> <!-- Surefire test -->
