<?xml version="1.0" encoding="UTF-8"?>
<testng-results ignored="0" total="1" passed="1" failed="0" skipped="0">
  <reporter-output>
  </reporter-output>
  <suite started-at="2023-11-27T21:19:32 IST" name="Suite" finished-at="2023-11-27T21:19:40 IST" duration-ms="8193">
    <groups>
    </groups>
    <test started-at="2023-11-27T21:19:32 IST" name="Test" finished-at="2023-11-27T21:19:40 IST" duration-ms="8193">
      <class name="Test_Practise.TestExtentReport">
        <test-method is-config="true" signature="config()[pri:0, instance:Test_Practise.TestExtentReport@6973b51b]" started-at="2023-11-27T21:19:32 IST" name="config" finished-at="2023-11-27T21:19:32 IST" duration-ms="233" status="PASS">
          <reporter-output>
          </reporter-output>
        </test-method> <!-- config -->
        <test-method signature="initialDemo()[pri:0, instance:Test_Practise.TestExtentReport@6973b51b]" started-at="2023-11-27T21:19:32 IST" name="initialDemo" finished-at="2023-11-27T21:19:40 IST" duration-ms="7927" status="PASS">
          <reporter-output>
          </reporter-output>
        </test-method> <!-- initialDemo -->
      </class> <!-- Test_Practise.TestExtentReport -->
    </test> <!-- Test -->
  </suite> <!-- Suite -->
</testng-results>
