<?xml version="1.0" encoding="UTF-8"?>
<testng-results ignored="0" total="1" passed="1" failed="0" skipped="0">
  <reporter-output>
  </reporter-output>
  <suite started-at="2023-11-27T16:22:29 IST" name="Suite" finished-at="2023-11-27T16:22:36 IST" duration-ms="6777">
    <groups>
    </groups>
    <test started-at="2023-11-27T16:22:29 IST" name="Test" finished-at="2023-11-27T16:22:36 IST" duration-ms="6777">
      <class name="Test_Practise.TestExtentReport">
        <test-method is-config="true" signature="config()[pri:0, instance:Test_Practise.TestExtentReport@25ce9dc4]" started-at="2023-11-27T16:22:29 IST" name="config" finished-at="2023-11-27T16:22:29 IST" duration-ms="255" status="PASS">
          <reporter-output>
          </reporter-output>
        </test-method> <!-- config -->
        <test-method signature="initialDemo()[pri:0, instance:Test_Practise.TestExtentReport@25ce9dc4]" started-at="2023-11-27T16:22:29 IST" name="initialDemo" finished-at="2023-11-27T16:22:36 IST" duration-ms="6486" status="PASS">
          <reporter-output>
          </reporter-output>
        </test-method> <!-- initialDemo -->
      </class> <!-- Test_Practise.TestExtentReport -->
    </test> <!-- Test -->
  </suite> <!-- Suite -->
</testng-results>
